Using pre-set license
Built from '2020.2/staging' branch; Version is '2020.2.6f1 (8a2143876886) revision 9052483'; Using compiler version '192528614'; Build Type 'Release'
OS: 'Windows 10 Home; OS build 19042.867; Version 2009; 64bit' Language: 'en' Physical Memory: 32657 MB
BatchMode: 1, IsHumanControllingUs: 0, StartBugReporterOnCrash: 0, Is64bit: 1, IsPro: 0

 COMMAND LINE ARGUMENTS:
C:\Program Files\Unity\Hub\Editor\2020.2.6f1\Editor\Unity.exe
-adb2
-batchMode
-noUpm
-name
AssetImportWorker0
-projectPath
D:/Users/Toby Prosser/Desktop/Desktop/Game Design/BackUps/Floating Islands
-logFile
Logs/AssetImportWorker0.log
-srvPort
55658
Successfully changed project path to: D:/Users/Toby Prosser/Desktop/Desktop/Game Design/BackUps/Floating Islands
D:/Users/Toby Prosser/Desktop/Desktop/Game Design/BackUps/Floating Islands
Using Asset Import Pipeline V2.
Refreshing native plugins compatible for Editor in 53.89 ms, found 0 plugins.
Preloading 0 native plugins for Editor in 0.00 ms.
Initialize engine version: 2020.2.6f1 (8a2143876886)
[Subsystems] Discovering subsystems at path C:/Program Files/Unity/Hub/Editor/2020.2.6f1/Editor/Data/Resources/UnitySubsystems
[Subsystems] Discovering subsystems at path D:/Users/Toby Prosser/Desktop/Desktop/Game Design/BackUps/Floating Islands/Assets
GfxDevice: creating device client; threaded=0
d3d12: loaded!
Direct3D:
    Version:         Direct3D 12 [level 12.1]
    Renderer:        NVIDIA GeForce RTX 3070 (ID=0x2484)
    Vendor:          
    VRAM:            8043 MB
    App VRAM Budget: 7275 MB
    Driver:          27.21.14.6140
d3d12: Profiler is enabled, but stable power state is not. GPU timing errors are expected.

Initialize mono
Mono path[0] = 'C:/Program Files/Unity/Hub/Editor/2020.2.6f1/Editor/Data/Managed'
Mono path[1] = 'C:/Program Files/Unity/Hub/Editor/2020.2.6f1/Editor/Data/MonoBleedingEdge/lib/mono/unityjit'
Mono config path = 'C:/Program Files/Unity/Hub/Editor/2020.2.6f1/Editor/Data/MonoBleedingEdge/etc'
Using monoOptions --debugger-agent=transport=dt_socket,embedding=1,server=y,suspend=n,address=127.0.0.1:56812
Begin MonoManager ReloadAssembly
Registering precompiled unity dll's ...
Register platform support module: C:/Program Files/Unity/Hub/Editor/2020.2.6f1/Editor/Data/PlaybackEngines/WindowsStandaloneSupport/UnityEditor.WindowsStandalone.Extensions.dll
Registered in 0.003087 seconds.
Native extension for WindowsStandalone target not found
Refreshing native plugins compatible for Editor in 71.16 ms, found 0 plugins.
Preloading 0 native plugins for Editor in 0.00 ms.
Invoked RoslynAnalysisRunner static constructor.
RoslynAnalysisRunner will not be running.
RoslynAnalysisRunner has terminated.
Mono: successfully reloaded assembly
- Completed reload, in  1.553 seconds
Platform modules already initialized, skipping
Registering precompiled user dll's ...
Registered in 0.000937 seconds.
Begin MonoManager ReloadAssembly
Native extension for WindowsStandalone target not found
Refreshing native plugins compatible for Editor in 58.59 ms, found 0 plugins.
Preloading 0 native plugins for Editor in 0.00 ms.
Invoked RoslynAnalysisRunner static constructor.
RoslynAnalysisRunner will not be running.
RoslynAnalysisRunner has terminated.
Mono: successfully reloaded assembly
- Completed reload, in  1.454 seconds
Platform modules already initialized, skipping
========================================================================
Worker process is ready to serve import requests
Launched and connected shader compiler UnityShaderCompiler.exe after 0.02 seconds
Refreshing native plugins compatible for Editor in 0.46 ms, found 0 plugins.
Preloading 0 native plugins for Editor in 0.00 ms.
Unloading 3634 Unused Serialized files (Serialized files now loaded: 0)
System memory in use before: 196.0 MB.
System memory in use after: 196.2 MB.

Unloading 12 unused Assets to reduce memory usage. Loaded Objects now: 4098.
Total: 1.884700 ms (FindLiveObjects: 0.238700 ms CreateObjectMapping: 0.161200 ms MarkObjects: 1.444800 ms  DeleteObjects: 0.039400 ms)

========================================================================
Received Import Request.
  path: Assets/Prefabs/Islands/SpawnIsland.prefab
  artifactKey: Guid(4df612ab9118bac4d904d11291791918) Importer(815301076,1909f56bfc062723c751e8b465ee728b)
Start importing Assets/Prefabs/Islands/SpawnIsland.prefab using Guid(4df612ab9118bac4d904d11291791918) Importer(815301076,1909f56bfc062723c751e8b465ee728b)  -> (artifact id: '614b9f6a719db60bdafc758da964c7ff') in 0.042568 seconds
  Import took 0.046898 seconds .

========================================================================
Received Import Request.
  Time since last request: 0.000132 seconds.
  path: Assets/Prefabs/Islands/MainIsland.prefab
  artifactKey: Guid(85cb3f62c32d7da4bb2cf3862caae53e) Importer(815301076,1909f56bfc062723c751e8b465ee728b)
Start importing Assets/Prefabs/Islands/MainIsland.prefab using Guid(85cb3f62c32d7da4bb2cf3862caae53e) Importer(815301076,1909f56bfc062723c751e8b465ee728b)  -> (artifact id: '0373bfb6732888175d1a4a40ff697550') in 0.023537 seconds
  Import took 0.027620 seconds .

========================================================================
Received Import Request.
  Time since last request: 0.000222 seconds.
  path: Assets/Prefabs/Islands/LootIsland.prefab
  artifactKey: Guid(3b86d731251e78249a97f8c1051a1aef) Importer(815301076,1909f56bfc062723c751e8b465ee728b)
Start importing Assets/Prefabs/Islands/LootIsland.prefab using Guid(3b86d731251e78249a97f8c1051a1aef) Importer(815301076,1909f56bfc062723c751e8b465ee728b)  -> (artifact id: '8a0cc2329c72a6d0b94928606df32bc1') in 0.008773 seconds
  Import took 0.012873 seconds .

========================================================================
Received Prepare
Registering precompiled user dll's ...
Registered in 0.000929 seconds.
Begin MonoManager ReloadAssembly
Native extension for WindowsStandalone target not found
Refreshing native plugins compatible for Editor in 0.48 ms, found 0 plugins.
Preloading 0 native plugins for Editor in 0.00 ms.
Invoked RoslynAnalysisRunner static constructor.
RoslynAnalysisRunner will not be running.
RoslynAnalysisRunner has terminated.
Mono: successfully reloaded assembly
- Completed reload, in  0.831 seconds
Platform modules already initialized, skipping
Refreshing native plugins compatible for Editor in 0.48 ms, found 0 plugins.
Preloading 0 native plugins for Editor in 0.00 ms.
Unloading 3313 Unused Serialized files (Serialized files now loaded: 0)
System memory in use before: 186.7 MB.
System memory in use after: 186.9 MB.

Unloading 9 unused Assets to reduce memory usage. Loaded Objects now: 4105.
Total: 1.868500 ms (FindLiveObjects: 0.227500 ms CreateObjectMapping: 0.138900 ms MarkObjects: 1.484300 ms  DeleteObjects: 0.017200 ms)

AssetImportWorkerClient::OnTransportError - code=2 error=End of file
